<?xml version="1.0" encoding="UTF-8"?>
<!-- Generated by org.testng.reporters.JUnitReportReporter -->
<testsuite skipped="0" hostname="DESKTOP-R49NOBR" name="seleniumscript.AlertLearn" tests="3" failures="0" timestamp="08 Jul 2022 06:14:50 GMT" time="0.010" errors="0">
  <testcase name="test" time="0.006" classname="seleniumscript.AlertLearn"/>
  <testcase name="test" time="0.003" classname="seleniumscript.AlertLearn"/>
  <testcase name="test" time="0.001" classname="seleniumscript.AlertLearn"/>
</testsuite> <!-- seleniumscript.AlertLearn -->
