<?xml version="1.0" encoding="UTF-8"?>
<!-- Generated by org.testng.reporters.JUnitReportReporter -->
<testsuite skipped="0" hostname="DESKTOP-R49NOBR" name="seleniumscript.Part06FindElement" tests="1" failures="0" timestamp="28 Jun 2022 05:45:30 GMT" time="15.147" errors="0">
  <testcase name="test" time="15.147" classname="seleniumscript.Part06FindElement"/>
</testsuite> <!-- seleniumscript.Part06FindElement -->
