<?xml version="1.0" encoding="UTF-8"?>
<!-- Generated by org.testng.reporters.JUnitReportReporter -->
<testsuite skipped="0" hostname="DESKTOP-R49NOBR" name="seleniumscript.Part09BootstrapHDFC" tests="1" failures="0" timestamp="29 Jun 2022 04:52:33 GMT" time="9.039" errors="0">
  <testcase name="test" time="9.039" classname="seleniumscript.Part09BootstrapHDFC"/>
</testsuite> <!-- seleniumscript.Part09BootstrapHDFC -->
