<?xml version="1.0" encoding="UTF-8"?>
<!-- Generated by org.testng.reporters.JUnitReportReporter -->
<testsuite skipped="0" hostname="DESKTOP-R49NOBR" name="seleniumscript.part08Dropdown" tests="1" failures="0" timestamp="28 Jun 2022 06:23:42 GMT" time="10.065" errors="0">
  <testcase name="test" time="10.065" classname="seleniumscript.part08Dropdown"/>
</testsuite> <!-- seleniumscript.part08Dropdown -->
